<?xml version="1.0" encoding="UTF-8" ?>
<testsuite tests="2" failures="0" name="runner.MyFirstFeature_Runner" time="30.613" errors="0" skipped="2">
  <properties>
    <property name="java.runtime.name" value="Java(TM) SE Runtime Environment"/>
    <property name="sun.boot.library.path" value="C:\Program Files\Java\jdk1.8.0_181\jre\bin"/>
    <property name="java.vm.version" value="25.181-b13"/>
    <property name="java.vm.vendor" value="Oracle Corporation"/>
    <property name="maven.multiModuleProjectDirectory" value="c:\projects\GitHub\hellocucumber"/>
    <property name="java.vendor.url" value="http://java.oracle.com/"/>
    <property name="path.separator" value=";"/>
    <property name="guice.disable.misplaced.annotation.check" value="true"/>
    <property name="java.vm.name" value="Java HotSpot(TM) 64-Bit Server VM"/>
    <property name="file.encoding.pkg" value="sun.io"/>
    <property name="user.script" value=""/>
    <property name="user.country" value="US"/>
    <property name="sun.java.launcher" value="SUN_STANDARD"/>
    <property name="sun.os.patch.level" value=""/>
    <property name="test" value="MyFirstFeature_Runner"/>
    <property name="java.vm.specification.name" value="Java Virtual Machine Specification"/>
    <property name="user.dir" value="c:\projects\GitHub\hellocucumber"/>
    <property name="java.runtime.version" value="1.8.0_181-b13"/>
    <property name="java.awt.graphicsenv" value="sun.awt.Win32GraphicsEnvironment"/>
    <property name="java.endorsed.dirs" value="C:\Program Files\Java\jdk1.8.0_181\jre\lib\endorsed"/>
    <property name="os.arch" value="amd64"/>
    <property name="java.io.tmpdir" value="C:\Users\Jim\AppData\Local\Temp\"/>
    <property name="line.separator" value="
"/>
    <property name="java.vm.specification.vendor" value="Oracle Corporation"/>
    <property name="user.variant" value=""/>
    <property name="os.name" value="Windows 10"/>
    <property name="classworlds.conf" value="C:\maven\bin\..\bin\m2.conf"/>
    <property name="sun.jnu.encoding" value="Cp1252"/>
    <property name="java.library.path" value="C:\Program Files\Java\jdk1.8.0_181\bin;C:\Windows\Sun\Java\bin;C:\Windows\system32;C:\Windows;C:\Program Files (x86)\Common Files\Oracle\Java\javapath;C:\Windows\system32;C:\Windows;C:\Windows\System32\Wbem;C:\Windows\System32\WindowsPowerShell\v1.0\;C:\Program Files\Java\jdk1.8.0_181\bin;C:\Program Files\Java\jdk1.8.0_181\bin;C:\maven\bin;C:\maven\bin;C:\Users\Jim\AppData\Local\Microsoft\WindowsApps;."/>
    <property name="maven.conf" value="C:\maven\bin\../conf"/>
    <property name="java.specification.name" value="Java Platform API Specification"/>
    <property name="java.class.version" value="52.0"/>
    <property name="sun.management.compiler" value="HotSpot 64-Bit Tiered Compilers"/>
    <property name="os.version" value="10.0"/>
    <property name="library.jansi.path" value="C:\maven\bin\..\lib\jansi-native"/>
    <property name="user.home" value="C:\Users\Jim"/>
    <property name="user.timezone" value="America/New_York"/>
    <property name="java.awt.printerjob" value="sun.awt.windows.WPrinterJob"/>
    <property name="java.specification.version" value="1.8"/>
    <property name="file.encoding" value="Cp1252"/>
    <property name="user.name" value="Jim"/>
    <property name="java.class.path" value="C:\maven\bin\..\boot\plexus-classworlds-2.5.2.jar"/>
    <property name="java.vm.specification.version" value="1.8"/>
    <property name="sun.arch.data.model" value="64"/>
    <property name="java.home" value="C:\Program Files\Java\jdk1.8.0_181\jre"/>
    <property name="sun.java.command" value="org.codehaus.plexus.classworlds.launcher.Launcher test -Dtest=MyFirstFeature_Runner"/>
    <property name="java.specification.vendor" value="Oracle Corporation"/>
    <property name="user.language" value="en"/>
    <property name="awt.toolkit" value="sun.awt.windows.WToolkit"/>
    <property name="java.vm.info" value="mixed mode"/>
    <property name="java.version" value="1.8.0_181"/>
    <property name="java.ext.dirs" value="C:\Program Files\Java\jdk1.8.0_181\jre\lib\ext;C:\Windows\Sun\Java\lib\ext"/>
    <property name="sun.boot.class.path" value="C:\Program Files\Java\jdk1.8.0_181\jre\lib\resources.jar;C:\Program Files\Java\jdk1.8.0_181\jre\lib\rt.jar;C:\Program Files\Java\jdk1.8.0_181\jre\lib\sunrsasign.jar;C:\Program Files\Java\jdk1.8.0_181\jre\lib\jsse.jar;C:\Program Files\Java\jdk1.8.0_181\jre\lib\jce.jar;C:\Program Files\Java\jdk1.8.0_181\jre\lib\charsets.jar;C:\Program Files\Java\jdk1.8.0_181\jre\lib\jfr.jar;C:\Program Files\Java\jdk1.8.0_181\jre\classes"/>
    <property name="sun.stderr.encoding" value="cp437"/>
    <property name="java.vendor" value="Oracle Corporation"/>
    <property name="maven.home" value="C:\maven\bin\.."/>
    <property name="file.separator" value="\"/>
    <property name="java.vendor.url.bug" value="http://bugreport.sun.com/bugreport/"/>
    <property name="sun.cpu.endian" value="little"/>
    <property name="sun.io.unicode.encoding" value="UnicodeLittle"/>
    <property name="sun.stdout.encoding" value="cp437"/>
    <property name="sun.desktop" value="windows"/>
    <property name="sun.cpu.isalist" value="amd64"/>
  </properties>
  <testcase classname="User Authentication" name="OpenClinica shows an error message when a user enters invalid credentials" time="15.304">
    <skipped/>
    <system-out>Feature: User Authentication
 Description: As a study administrator, I want OC to accept only valid login credentials from authorized users

  Scenario: OpenClinica shows an error message when a user enters invalid credentials &amp;#27;[90m# src/test/resources/cucumber/user_authentication.feature:5&amp;#27;[0m
    &amp;#27;[33mWhen &amp;#27;[0m&amp;#27;[33ma user attempts to login using username &quot;root&quot;  with password &quot;password&quot;&amp;#27;[0m     &amp;#27;[90m# null&amp;#27;[0m
    &amp;#27;[33mThen &amp;#27;[0m&amp;#27;[33mOC must return the error message&amp;#27;[0m                                             &amp;#27;[90m# null&amp;#27;[0m
</system-out>
    <system-err>SLF4J: Failed to load class &quot;org.slf4j.impl.StaticLoggerBinder&quot;.
SLF4J: Defaulting to no-operation (NOP) logger implementation
SLF4J: See http://www.slf4j.org/codes.html#StaticLoggerBinder for further details.
1539375012246	mozrunner::runner	INFO	Running command: &quot;C:\\Program Files\\Mozilla Firefox\\firefox.exe&quot; &quot;-marionette&quot; &quot;-foreground&quot; &quot;-no-remote&quot; &quot;-profile&quot; &quot;C:\\Users\\Jim\\AppData\\Local\\Temp\\rust_mozprofile.wLKtl06YLisL&quot;
1539375017930	Marionette	INFO	Listening on port 51298
1539375018274	Marionette	WARN	TLS certificate errors will be ignored for this session
1539375018328	Marionette	DEBUG	[6442450945] Frame script loaded
1539375018331	Marionette	DEBUG	[6442450945] Frame script registered
Oct 12, 2018 4:10:18 PM org.openqa.selenium.remote.ProtocolHandshake createSession
INFO: Detected dialect: W3C
1539375018729	Marionette	DEBUG	[6442450945] Received DOM event beforeunload for about:blank
1539375019777	Marionette	DEBUG	[6442450945] Received DOM event pagehide for about:blank
1539375020195	Marionette	DEBUG	[6442450945] Received DOM event DOMContentLoaded for http://172.31.99.138:8080/OpenClinica/pages/login/login;jsessionid=856876118307F962D37A806DFEAED043
1539375020446	Marionette	DEBUG	[6442450945] Received DOM event pageshow for http://172.31.99.138:8080/OpenClinica/pages/login/login;jsessionid=856876118307F962D37A806DFEAED043
1539375020529	Marionette	INFO	Stopped listening on port 51298
1539375020575	addons.xpi	WARN	Exception running bootstrap method shutdown on activity-stream@mozilla.org: [Exception... &quot;Component returned failure code: 0x80070057 (NS_ERROR_ILLEGAL_VALUE) [nsIPrefBranch.removeObserver]&quot;  nsresult: &quot;0x80070057 (NS_ERROR_ILLEGAL_VALUE)&quot;  location: &quot;JS frame :: resource://activity-stream/lib/ActivityStreamPrefs.jsm :: ignoreBranch :: line 29&quot;  data: no] Stack trace: ignoreBranch()@resource://activity-stream/lib/ActivityStreamPrefs.jsm:29
uninit()@resource://activity-stream/lib/Store.jsm:172
uninit()@resource://activity-stream/lib/ActivityStream.jsm:363
uninit()@resource://gre/modules/addons/XPIProvider.jsm -&gt; jar:file:///C:/Program%20Files/Mozilla%20Firefox/browser/features/activity-stream@mozilla.org.xpi!/bootstrap.js:86
shutdown()@resource://gre/modules/addons/XPIProvider.jsm -&gt; jar:file:///C:/Program%20Files/Mozilla%20Firefox/browser/features/activity-stream@mozilla.org.xpi!/bootstrap.js:194
callBootstrapMethod()@resource://gre/modules/addons/XPIProvider.jsm:1592
_shutdown()@resource://gre/modules/addons/XPIProvider.jsm:1728
flushAllWindowsAsync()@resource:///modules/sessionstore/SessionStore.jsm:1697
ssi_onQuitApplicationGranted/&lt;()@resource:///modules/sessionstore/SessionStore.jsm:1624
trigger()@resource://gre/modules/AsyncShutdown.jsm:710
_wait()@resource://gre/modules/AsyncShutdown.jsm:857
wait()@resource://gre/modules/AsyncShutdown.jsm:841
observe()@resource://gre/modules/AsyncShutdown.jsm:524
GeckoDriver.prototype.quit()@driver.js:3319
despatch()@server.js:297
execute()@server.js:271
onPacket/&lt;()@server.js:246
onPacket()@server.js:245
_onJSONObjectReady/&lt;()@transport.js:500
[Child 7772, Chrome_ChildThread] WARNING: pipe error: 109: file z:/build/build/src/ipc/chromium/src/chrome/common/ipc_channel_win.cc, line 346
[Child 7772, Chrome_ChildThread[Parent 2540, Gecko_IOThread] WARNING: pipe error: 109: file z:/build/build/src/ipc/chromium/src/chrome/common/ipc_channel_win.cc, line 346
[Child 7500, Chrome_ChildThread] WARNING: pipe error: 232: file z:/build/build/src/ipc/chromium/src/chrome/common/ipc_channel_win.cc, line 513
[Child 7500, Chrome_ChildThread] WARNING: pipe error: 109: file z:/build/build/src/ipc/chromium/src/chrome/common/ipc_channel_win.cc, line 346
[Child 7500, Chrome_ChildThread] WARNING: pipe error: 109: file z:/build/build/src/ipc/chromium/src/chrome/common[Parent 2540, Gecko_IOThread] WARNING: pipe error: 109: file z:/build/build/src/ipc/chromium/src/chrome/common/ipc_channel_win.cc, line 346
[Child 1584, Chrome_ChildThread] WARNING: pipe error: 109: file z:/build/build/src/ipc/chromium/src/chrome/common/ipc_channel_win.cc, line 346
[Child 1584, Chrome_ChildThread] WARNING: pipe error: JavaScript error: resource://gre/modules/JSONFile.jsm, line 159: Error: Data is not ready.

###!!! [Parent][DispatchAsyncMessage] Error: PBackgroundIDBFactory::Msg_PBackgroundIDBFactoryRequestConstructor Value error: message was deserialized, but contained an illegal value


###!!! [Parent][DispatchAsyncMessage] Error: PBackgroundIDBFactory::Msg_PBackgroundIDBFactoryRequestConstructor Value error: message was deserialized, but contained an illegal value


###!!! [Child][MessageChannel::SendAndWait] Error: Channel error: cannot send/recv

</system-err>
  </testcase>
  <testcase classname="User Authentication" name="OpenClinica shows an error message when a user enters invalid credentials" time="15.309">
    <skipped/>
  </testcase>
</testsuite>